TN:
SF:src\main.ts
FN:16,loadArticleFile
FN:30,(anonymous_8)
FN:43,fileContentExists
FN:58,run
FNF:4
FNH:4
FNDA:4,loadArticleFile
FNDA:3,(anonymous_8)
FNDA:1,fileContentExists
FNDA:4,run
DA:3,1
DA:4,1
DA:5,1
DA:8,1
DA:20,4
DA:22,4
DA:29,3
DA:30,3
DA:31,3
DA:32,3
DA:33,1
DA:36,2
DA:37,2
DA:38,2
DA:39,1
DA:40,1
DA:44,1
DA:45,1
DA:46,1
DA:52,1
DA:54,0
DA:58,1
DA:59,4
DA:60,4
DA:61,4
DA:63,4
DA:65,4
DA:66,1
DA:67,1
DA:72,1
DA:73,1
DA:74,1
DA:76,0
DA:77,0
DA:78,0
DA:79,0
DA:80,0
DA:83,0
DA:85,0
DA:86,0
DA:87,0
DA:88,0
DA:89,0
DA:90,0
DA:92,0
DA:93,0
DA:108,3
LF:47
LH:32
BRDA:32,0,0,1
BRDA:72,1,0,1
BRF:2
BRH:2
end_of_record
