TN:
SF:src\main.ts
FN:14,loadArticleFile
FN:28,(anonymous_8)
FN:40,fileContentExists
FN:55,run
FNF:4
FNH:4
FNDA:4,loadArticleFile
FNDA:3,(anonymous_8)
FNDA:1,fileContentExists
FNDA:4,run
DA:3,1
DA:4,1
DA:5,1
DA:8,1
DA:18,4
DA:20,4
DA:27,3
DA:28,3
DA:29,3
DA:30,3
DA:31,1
DA:34,2
DA:35,2
DA:36,2
DA:37,1
DA:41,1
DA:42,1
DA:43,1
DA:49,1
DA:51,0
DA:55,1
DA:56,4
DA:57,4
DA:58,4
DA:60,4
DA:62,4
DA:63,1
DA:64,1
DA:69,1
DA:70,1
DA:71,1
DA:73,0
DA:74,0
DA:75,0
DA:76,0
DA:77,0
DA:80,0
DA:92,3
LF:38
LH:31
BRDA:30,0,0,1
BRDA:69,1,0,1
BRF:2
BRH:2
end_of_record
